#
# There is insufficient memory for the Java Runtime Environment to continue.
# Native memory allocation (mmap) failed to map 65536 bytes for Failed to commit metaspace.
# Possible reasons:
#   The system is out of physical RAM or swap space
#   The process is running with CompressedOops enabled, and the Java Heap may be blocking the growth of the native heap
# Possible solutions:
#   Reduce memory load on the system
#   Increase physical memory or swap space
#   Check if swap backing store is full
#   Decrease Java heap size (-Xmx/-Xms)
#   Decrease number of Java threads
#   Decrease Java thread stack sizes (-Xss)
#   Set larger code cache with -XX:ReservedCodeCacheSize=
#   JVM is running with Unscaled Compressed Oops mode in which the Java heap is
#     placed in the first 4GB address space. The Java Heap base address is the
#     maximum limit for the native heap growth. Please use -XX:HeapBaseMinAddress
#     to set the Java Heap base and to place the Java Heap above 4GB virtual address.
# This output file may be truncated or incomplete.
#
#  Out of Memory Error (virtualSpaceNode.cpp:110), pid=4644, tid=10948
#
# JRE version: OpenJDK Runtime Environment (17.0.2+8) (build 17.0.2+8-86)
# Java VM: OpenJDK 64-Bit Server VM (17.0.2+8-86, mixed mode, emulated-client, sharing, tiered, compressed oops, compressed class ptrs, g1 gc, windows-amd64)
# No core dump will be written. Minidumps are not enabled by default on client versions of Windows
#

---------------  S U M M A R Y ------------

Command Line: -XX:TieredStopAtLevel=1 -Xverify:none -Dspring.output.ansi.enabled=always -Dcom.sun.management.jmxremote -Dspring.jmx.enabled=true -Dspring.liveBeansView.mbeanDomain -Dspring.application.admin.enabled=true -javaagent:C:\Program Files\JetBrains\IntelliJ IDEA 2022.1.1\lib\idea_rt.jar=62627:C:\Program Files\JetBrains\IntelliJ IDEA 2022.1.1\bin -Dfile.encoding=UTF-8 sandwich.SpringSandwichApplication

Host: Intel(R) Xeon(R) E-2226G CPU @ 3.40GHz, 2 cores, 4G,  Windows 10 , 64 bit Build 19041 (10.0.19041.2364)
Time: Mon Dec 19 11:59:22 2022 Romance Standard Time elapsed time: 6.959709 seconds (0d 0h 0m 6s)

---------------  T H R E A D  ---------------

Current thread (0x000001c1abbe5640):  VMThread "VM Thread" [stack: 0x0000003dfb100000,0x0000003dfb200000] [id=10948]

Stack: [0x0000003dfb100000,0x0000003dfb200000]
Native frames: (J=compiled Java code, j=interpreted, Vv=VM code, C=native code)
V  [jvm.dll+0x670baa]
V  [jvm.dll+0x7cfcb4]
V  [jvm.dll+0x7d145e]
V  [jvm.dll+0x7d1ac3]
V  [jvm.dll+0x242bc5]
V  [jvm.dll+0x7cbc5b]
V  [jvm.dll+0x616966]
V  [jvm.dll+0x1be3ee]
V  [jvm.dll+0x6192a1]
V  [jvm.dll+0x1f72fa]
V  [jvm.dll+0x328bcf]
V  [jvm.dll+0x7d5f9b]
V  [jvm.dll+0x7d6cd4]
V  [jvm.dll+0x7d71ec]
V  [jvm.dll+0x7d75c4]
V  [jvm.dll+0x7d7690]
V  [jvm.dll+0x77ff7a]
V  [jvm.dll+0x66fa35]
C  [ucrtbase.dll+0x21bb2]
C  [KERNEL32.DLL+0x17614]
C  [ntdll.dll+0x526a1]

VM_Operation (0x0000003dfc3fc9d0): CollectForMetadataAllocation, mode: safepoint, requested by thread 0x000001c1bc56b3e0


---------------  P R O C E S S  ---------------

Threads class SMR info:
_java_thread_list=0x000001c1bd58b150, length=17, elements={
0x000001c1abb3f1f0, 0x000001c1abbeda50, 0x000001c1abbee8c0, 0x000001c1abbfcd20,
0x000001c1abc01ab0, 0x000001c1abc03470, 0x000001c1abc03e20, 0x000001c1abc047d0,
0x000001c1abc0c570, 0x000001c1bb2179f0, 0x000001c1bbca1ee0, 0x000001c1bc0218f0,
0x000001c1bbffc020, 0x000001c1bc1ba190, 0x000001c1bc57b170, 0x000001c1bc6e9310,
0x000001c1bc56b3e0
}

Java Threads: ( => current thread )
  0x000001c1abb3f1f0 JavaThread "main" [_thread_blocked, id=1316, stack(0x0000003dfab00000,0x0000003dfac00000)]
  0x000001c1abbeda50 JavaThread "Reference Handler" daemon [_thread_blocked, id=6892, stack(0x0000003dfb200000,0x0000003dfb300000)]
  0x000001c1abbee8c0 JavaThread "Finalizer" daemon [_thread_blocked, id=1552, stack(0x0000003dfb300000,0x0000003dfb400000)]
  0x000001c1abbfcd20 JavaThread "Signal Dispatcher" daemon [_thread_blocked, id=5548, stack(0x0000003dfb400000,0x0000003dfb500000)]
  0x000001c1abc01ab0 JavaThread "Attach Listener" daemon [_thread_blocked, id=6968, stack(0x0000003dfb500000,0x0000003dfb600000)]
  0x000001c1abc03470 JavaThread "Service Thread" daemon [_thread_blocked, id=10588, stack(0x0000003dfb600000,0x0000003dfb700000)]
  0x000001c1abc03e20 JavaThread "Monitor Deflation Thread" daemon [_thread_blocked, id=3932, stack(0x0000003dfb700000,0x0000003dfb800000)]
  0x000001c1abc047d0 JavaThread "C1 CompilerThread0" daemon [_thread_blocked, id=10396, stack(0x0000003dfb800000,0x0000003dfb900000)]
  0x000001c1abc0c570 JavaThread "Sweeper thread" daemon [_thread_blocked, id=1984, stack(0x0000003dfb900000,0x0000003dfba00000)]
  0x000001c1bb2179f0 JavaThread "Common-Cleaner" daemon [_thread_blocked, id=1100, stack(0x0000003dfba00000,0x0000003dfbb00000)]
  0x000001c1bbca1ee0 JavaThread "C1 CompilerThread1" daemon [_thread_blocked, id=6036, stack(0x0000003dfbb00000,0x0000003dfbc00000)]
  0x000001c1bc0218f0 JavaThread "Monitor Ctrl-Break" daemon [_thread_in_native, id=6592, stack(0x0000003dfbd00000,0x0000003dfbe00000)]
  0x000001c1bbffc020 JavaThread "Notification Thread" daemon [_thread_blocked, id=3460, stack(0x0000003dfbe00000,0x0000003dfbf00000)]
  0x000001c1bc1ba190 JavaThread "RMI TCP Accept-0" daemon [_thread_in_native, id=3832, stack(0x0000003dfbf00000,0x0000003dfc000000)]
  0x000001c1bc57b170 JavaThread "RMI TCP Connection(1)-10.24.235.234" daemon [_thread_in_native, id=10848, stack(0x0000003dfc100000,0x0000003dfc200000)]
  0x000001c1bc6e9310 JavaThread "RMI Scheduler(0)" daemon [_thread_blocked, id=4560, stack(0x0000003dfc200000,0x0000003dfc300000)]
  0x000001c1bc56b3e0 JavaThread "background-preinit" [_thread_blocked, id=6296, stack(0x0000003dfc300000,0x0000003dfc400000)]

Other Threads:
=>0x000001c1abbe5640 VMThread "VM Thread" [stack: 0x0000003dfb100000,0x0000003dfb200000] [id=10948]
  0x000001c1abb3ffb0 WatcherThread [stack: 0x0000003dfc000000,0x0000003dfc100000] [id=7052]
  0x000001c1abb722d0 GCTaskThread "GC Thread#0" [stack: 0x0000003dfac00000,0x0000003dfad00000] [id=1532]
  0x000001c1bbfae930 GCTaskThread "GC Thread#1" [stack: 0x0000003dfbc00000,0x0000003dfbd00000] [id=3468]
  0x000001c1abb7d210 ConcurrentGCThread "G1 Main Marker" [stack: 0x0000003dfad00000,0x0000003dfae00000] [id=1636]
  0x000001c1abb7dc20 ConcurrentGCThread "G1 Conc#0" [stack: 0x0000003dfae00000,0x0000003dfaf00000] [id=8292]
  0x000001c1abbc5720 ConcurrentGCThread "G1 Refine#0" [stack: 0x0000003dfaf00000,0x0000003dfb000000] [id=5484]
  0x000001c1abbc6950 ConcurrentGCThread "G1 Service" [stack: 0x0000003dfb000000,0x0000003dfb100000] [id=5676]

Threads with active compile tasks:

VM state: at safepoint (normal execution)

VM Mutex/Monitor currently owned by a thread:  ([mutex/lock_event])
[0x000001c1abb38ce0] Metaspace_lock - owner thread: 0x000001c1abbe5640
[0x000001c1abb3a7b0] Threads_lock - owner thread: 0x000001c1abbe5640
[0x000001c1abb3acc0] Heap_lock - owner thread: 0x000001c1bc56b3e0

Heap address: 0x00000000b0000000, size: 1280 MB, Compressed Oops mode: 32-bit

CDS archive(s) mapped at: [0x0000000800000000-0x0000000800bc0000-0x0000000800bc0000), size 12320768, SharedBaseAddress: 0x0000000800000000, ArchiveRelocationMode: 0.
Compressed class space mapped at: 0x0000000800c00000-0x0000000840c00000, reserved size: 1073741824
Narrow klass base: 0x0000000800000000, Narrow klass shift: 0, Narrow klass range: 0x100000000

GC Precious Log:
 CPUs: 2 total, 2 available
 Memory: 5119M
 Large Page Support: Disabled
 NUMA Support: Disabled
 Compressed Oops: Enabled (32-bit)
 Heap Region Size: 1M
 Heap Min Capacity: 8M
 Heap Initial Capacity: 80M
 Heap Max Capacity: 1280M
 Pre-touch: Disabled
 Parallel Workers: 2
 Concurrent Workers: 1
 Concurrent Refinement Workers: 2
 Periodic GC: Disabled

Heap:
 garbage-first heap   total 81920K, used 12843K [0x00000000b0000000, 0x0000000100000000)
  region size 1024K, 1 young (1024K), 1 survivors (1024K)
 Metaspace       used 21224K, committed 21504K, reserved 1073152K
  class space    used 2863K, committed 3008K, reserved 1048576K

Heap Regions: E=young(eden), S=young(survivor), O=old, HS=humongous(starts), HC=humongous(continues), CS=collection set, F=free, OA=open archive, CA=closed archive, TAMS=top-at-mark-start (previous, next)
|   0|0x00000000b0000000, 0x00000000b0100000, 0x00000000b0100000|100%|HS|  |TAMS 0x00000000b0000000, 0x00000000b0100000| Complete 
|   1|0x00000000b0100000, 0x00000000b0200000, 0x00000000b0200000|100%| O|  |TAMS 0x00000000b0100000, 0x00000000b0200000| Untracked 
|   2|0x00000000b0200000, 0x00000000b0300000, 0x00000000b0300000|100%| O|  |TAMS 0x00000000b0200000, 0x00000000b0300000| Untracked 
|   3|0x00000000b0300000, 0x00000000b0400000, 0x00000000b0400000|100%| O|  |TAMS 0x00000000b0300000, 0x00000000b0400000| Untracked 
|   4|0x00000000b0400000, 0x00000000b0500000, 0x00000000b0500000|100%| O|  |TAMS 0x00000000b0400000, 0x00000000b0500000| Untracked 
|   5|0x00000000b0500000, 0x00000000b0600000, 0x00000000b0600000|100%| O|  |TAMS 0x00000000b0500000, 0x00000000b0600000| Untracked 
|   6|0x00000000b0600000, 0x00000000b0700000, 0x00000000b0700000|100%| O|  |TAMS 0x00000000b0600000, 0x00000000b0651e00| Untracked 
|   7|0x00000000b0700000, 0x00000000b0800000, 0x00000000b0800000|100%| O|  |TAMS 0x00000000b0700000, 0x00000000b0700000| Untracked 
|   8|0x00000000b0800000, 0x00000000b0900000, 0x00000000b0900000|100%| O|  |TAMS 0x00000000b0800000, 0x00000000b0800000| Untracked 
|   9|0x00000000b0900000, 0x00000000b0a00000, 0x00000000b0a00000|100%| O|  |TAMS 0x00000000b0900000, 0x00000000b0900000| Untracked 
|  10|0x00000000b0a00000, 0x00000000b0b00000, 0x00000000b0b00000|100%| O|  |TAMS 0x00000000b0a00000, 0x00000000b0a00000| Untracked 
|  11|0x00000000b0b00000, 0x00000000b0ba6c00, 0x00000000b0c00000| 65%| O|  |TAMS 0x00000000b0b00000, 0x00000000b0b00000| Untracked 
|  12|0x00000000b0c00000, 0x00000000b0c00000, 0x00000000b0d00000|  0%| F|  |TAMS 0x00000000b0c00000, 0x00000000b0c00000| Untracked 
|  13|0x00000000b0d00000, 0x00000000b0d00000, 0x00000000b0e00000|  0%| F|  |TAMS 0x00000000b0d00000, 0x00000000b0d00000| Untracked 
|  14|0x00000000b0e00000, 0x00000000b0e00000, 0x00000000b0f00000|  0%| F|  |TAMS 0x00000000b0e00000, 0x00000000b0e00000| Untracked 
|  15|0x00000000b0f00000, 0x00000000b0f00000, 0x00000000b1000000|  0%| F|  |TAMS 0x00000000b0f00000, 0x00000000b0f00000| Untracked 
|  16|0x00000000b1000000, 0x00000000b1000000, 0x00000000b1100000|  0%| F|  |TAMS 0x00000000b1000000, 0x00000000b1000000| Untracked 
|  17|0x00000000b1100000, 0x00000000b1100000, 0x00000000b1200000|  0%| F|  |TAMS 0x00000000b1100000, 0x00000000b1100000| Untracked 
|  18|0x00000000b1200000, 0x00000000b1200000, 0x00000000b1300000|  0%| F|  |TAMS 0x00000000b1200000, 0x00000000b1200000| Untracked 
|  19|0x00000000b1300000, 0x00000000b1300000, 0x00000000b1400000|  0%| F|  |TAMS 0x00000000b1300000, 0x00000000b1300000| Untracked 
|  20|0x00000000b1400000, 0x00000000b1400000, 0x00000000b1500000|  0%| F|  |TAMS 0x00000000b1400000, 0x00000000b1400000| Untracked 
|  21|0x00000000b1500000, 0x00000000b1500000, 0x00000000b1600000|  0%| F|  |TAMS 0x00000000b1500000, 0x00000000b1500000| Untracked 
|  22|0x00000000b1600000, 0x00000000b1600000, 0x00000000b1700000|  0%| F|  |TAMS 0x00000000b1600000, 0x00000000b1600000| Untracked 
|  23|0x00000000b1700000, 0x00000000b1700000, 0x00000000b1800000|  0%| F|  |TAMS 0x00000000b1700000, 0x00000000b1700000| Untracked 
|  24|0x00000000b1800000, 0x00000000b1800000, 0x00000000b1900000|  0%| F|  |TAMS 0x00000000b1800000, 0x00000000b1800000| Untracked 
|  25|0x00000000b1900000, 0x00000000b1900000, 0x00000000b1a00000|  0%| F|  |TAMS 0x00000000b1900000, 0x00000000b1900000| Untracked 
|  26|0x00000000b1a00000, 0x00000000b1a00000, 0x00000000b1b00000|  0%| F|  |TAMS 0x00000000b1a00000, 0x00000000b1a00000| Untracked 
|  27|0x00000000b1b00000, 0x00000000b1b00000, 0x00000000b1c00000|  0%| F|  |TAMS 0x00000000b1b00000, 0x00000000b1b00000| Untracked 
|  28|0x00000000b1c00000, 0x00000000b1c00000, 0x00000000b1d00000|  0%| F|  |TAMS 0x00000000b1c00000, 0x00000000b1c00000| Untracked 
|  29|0x00000000b1d00000, 0x00000000b1d00000, 0x00000000b1e00000|  0%| F|  |TAMS 0x00000000b1d00000, 0x00000000b1d00000| Untracked 
|  30|0x00000000b1e00000, 0x00000000b1e00000, 0x00000000b1f00000|  0%| F|  |TAMS 0x00000000b1e00000, 0x00000000b1e00000| Untracked 
|  31|0x00000000b1f00000, 0x00000000b1f00000, 0x00000000b2000000|  0%| F|  |TAMS 0x00000000b1f00000, 0x00000000b1f00000| Untracked 
|  32|0x00000000b2000000, 0x00000000b2000000, 0x00000000b2100000|  0%| F|  |TAMS 0x00000000b2000000, 0x00000000b2000000| Untracked 
|  33|0x00000000b2100000, 0x00000000b2100000, 0x00000000b2200000|  0%| F|  |TAMS 0x00000000b2100000, 0x00000000b2100000| Untracked 
|  34|0x00000000b2200000, 0x00000000b2200000, 0x00000000b2300000|  0%| F|  |TAMS 0x00000000b2200000, 0x00000000b2200000| Untracked 
|  35|0x00000000b2300000, 0x00000000b2300000, 0x00000000b2400000|  0%| F|  |TAMS 0x00000000b2300000, 0x00000000b2300000| Untracked 
|  36|0x00000000b2400000, 0x00000000b2400000, 0x00000000b2500000|  0%| F|  |TAMS 0x00000000b2400000, 0x00000000b2400000| Untracked 
|  37|0x00000000b2500000, 0x00000000b2500000, 0x00000000b2600000|  0%| F|  |TAMS 0x00000000b2500000, 0x00000000b2500000| Untracked 
|  38|0x00000000b2600000, 0x00000000b2600000, 0x00000000b2700000|  0%| F|  |TAMS 0x00000000b2600000, 0x00000000b2600000| Untracked 
|  39|0x00000000b2700000, 0x00000000b2700000, 0x00000000b2800000|  0%| F|  |TAMS 0x00000000b2700000, 0x00000000b2700000| Untracked 
|  40|0x00000000b2800000, 0x00000000b2800000, 0x00000000b2900000|  0%| F|  |TAMS 0x00000000b2800000, 0x00000000b2800000| Untracked 
|  41|0x00000000b2900000, 0x00000000b2900000, 0x00000000b2a00000|  0%| F|  |TAMS 0x00000000b2900000, 0x00000000b2900000| Untracked 
|  42|0x00000000b2a00000, 0x00000000b2a00000, 0x00000000b2b00000|  0%| F|  |TAMS 0x00000000b2a00000, 0x00000000b2a00000| Untracked 
|  43|0x00000000b2b00000, 0x00000000b2b00000, 0x00000000b2c00000|  0%| F|  |TAMS 0x00000000b2b00000, 0x00000000b2b00000| Untracked 
|  44|0x00000000b2c00000, 0x00000000b2c00000, 0x00000000b2d00000|  0%| F|  |TAMS 0x00000000b2c00000, 0x00000000b2c00000| Untracked 
|  45|0x00000000b2d00000, 0x00000000b2d00000, 0x00000000b2e00000|  0%| F|  |TAMS 0x00000000b2d00000, 0x00000000b2d00000| Untracked 
|  46|0x00000000b2e00000, 0x00000000b2e00000, 0x00000000b2f00000|  0%| F|  |TAMS 0x00000000b2e00000, 0x00000000b2e00000| Untracked 
|  47|0x00000000b2f00000, 0x00000000b2f00000, 0x00000000b3000000|  0%| F|  |TAMS 0x00000000b2f00000, 0x00000000b2f00000| Untracked 
|  48|0x00000000b3000000, 0x00000000b3000000, 0x00000000b3100000|  0%| F|  |TAMS 0x00000000b3000000, 0x00000000b3000000| Untracked 
|  49|0x00000000b3100000, 0x00000000b3100000, 0x00000000b3200000|  0%| F|  |TAMS 0x00000000b3100000, 0x00000000b3100000| Untracked 
|  50|0x00000000b3200000, 0x00000000b3200000, 0x00000000b3300000|  0%| F|  |TAMS 0x00000000b3200000, 0x00000000b3200000| Untracked 
|  51|0x00000000b3300000, 0x00000000b3300000, 0x00000000b3400000|  0%| F|  |TAMS 0x00000000b3300000, 0x00000000b3300000| Untracked 
|  52|0x00000000b3400000, 0x00000000b3400000, 0x00000000b3500000|  0%| F|  |TAMS 0x00000000b3400000, 0x00000000b3400000| Untracked 
|  53|0x00000000b3500000, 0x00000000b3500000, 0x00000000b3600000|  0%| F|  |TAMS 0x00000000b3500000, 0x00000000b3500000| Untracked 
|  54|0x00000000b3600000, 0x00000000b3600000, 0x00000000b3700000|  0%| F|  |TAMS 0x00000000b3600000, 0x00000000b3600000| Untracked 
|  55|0x00000000b3700000, 0x00000000b3700000, 0x00000000b3800000|  0%| F|  |TAMS 0x00000000b3700000, 0x00000000b3700000| Untracked 
|  56|0x00000000b3800000, 0x00000000b3800000, 0x00000000b3900000|  0%| F|  |TAMS 0x00000000b3800000, 0x00000000b3800000| Untracked 
|  57|0x00000000b3900000, 0x00000000b3900000, 0x00000000b3a00000|  0%| F|  |TAMS 0x00000000b3900000, 0x00000000b3900000| Untracked 
|  58|0x00000000b3a00000, 0x00000000b3a00000, 0x00000000b3b00000|  0%| F|  |TAMS 0x00000000b3a00000, 0x00000000b3a00000| Untracked 
|  59|0x00000000b3b00000, 0x00000000b3b00000, 0x00000000b3c00000|  0%| F|  |TAMS 0x00000000b3b00000, 0x00000000b3b00000| Untracked 
|  60|0x00000000b3c00000, 0x00000000b3c00000, 0x00000000b3d00000|  0%| F|  |TAMS 0x00000000b3c00000, 0x00000000b3c00000| Untracked 
|  61|0x00000000b3d00000, 0x00000000b3d00000, 0x00000000b3e00000|  0%| F|  |TAMS 0x00000000b3d00000, 0x00000000b3d00000| Untracked 
|  62|0x00000000b3e00000, 0x00000000b3e00000, 0x00000000b3f00000|  0%| F|  |TAMS 0x00000000b3e00000, 0x00000000b3e00000| Untracked 
|  63|0x00000000b3f00000, 0x00000000b3f00000, 0x00000000b4000000|  0%| F|  |TAMS 0x00000000b3f00000, 0x00000000b3f00000| Untracked 
|  64|0x00000000b4000000, 0x00000000b4000000, 0x00000000b4100000|  0%| F|  |TAMS 0x00000000b4000000, 0x00000000b4000000| Untracked 
|  65|0x00000000b4100000, 0x00000000b4100000, 0x00000000b4200000|  0%| F|  |TAMS 0x00000000b4100000, 0x00000000b4100000| Untracked 
|  66|0x00000000b4200000, 0x00000000b4200000, 0x00000000b4300000|  0%| F|  |TAMS 0x00000000b4200000, 0x00000000b4200000| Untracked 
|  67|0x00000000b4300000, 0x00000000b4300000, 0x00000000b4400000|  0%| F|  |TAMS 0x00000000b4300000, 0x00000000b4300000| Untracked 
|  68|0x00000000b4400000, 0x00000000b4400000, 0x00000000b4500000|  0%| F|  |TAMS 0x00000000b4400000, 0x00000000b4400000| Untracked 
|  69|0x00000000b4500000, 0x00000000b4500000, 0x00000000b4600000|  0%| F|  |TAMS 0x00000000b4500000, 0x00000000b4500000| Untracked 
|  70|0x00000000b4600000, 0x00000000b4600000, 0x00000000b4700000|  0%| F|  |TAMS 0x00000000b4600000, 0x00000000b4600000| Untracked 
|  71|0x00000000b4700000, 0x00000000b47e40d0, 0x00000000b4800000| 89%| S|CS|TAMS 0x00000000b4700000, 0x00000000b4700000| Complete 
|  72|0x00000000b4800000, 0x00000000b4800000, 0x00000000b4900000|  0%| F|  |TAMS 0x00000000b4800000, 0x00000000b4800000| Untracked 
|  73|0x00000000b4900000, 0x00000000b4900000, 0x00000000b4a00000|  0%| F|  |TAMS 0x00000000b4900000, 0x00000000b4900000| Untracked 
|  74|0x00000000b4a00000, 0x00000000b4a00000, 0x00000000b4b00000|  0%| F|  |TAMS 0x00000000b4a00000, 0x00000000b4a00000| Untracked 
|  75|0x00000000b4b00000, 0x00000000b4b00000, 0x00000000b4c00000|  0%| F|  |TAMS 0x00000000b4b00000, 0x00000000b4b00000| Untracked 
|  76|0x00000000b4c00000, 0x00000000b4c00000, 0x00000000b4d00000|  0%| F|  |TAMS 0x00000000b4c00000, 0x00000000b4c00000| Untracked 
|  77|0x00000000b4d00000, 0x00000000b4d00000, 0x00000000b4e00000|  0%| F|  |TAMS 0x00000000b4d00000, 0x00000000b4d00000| Untracked 
|  78|0x00000000b4e00000, 0x00000000b4e00000, 0x00000000b4f00000|  0%| F|  |TAMS 0x00000000b4e00000, 0x00000000b4e00000| Untracked 
|  79|0x00000000b4f00000, 0x00000000b4f00000, 0x00000000b5000000|  0%| F|  |TAMS 0x00000000b4f00000, 0x00000000b4f00000| Untracked 

Card table byte_map: [0x000001c1ab810000,0x000001c1aba90000] _byte_map_base: 0x000001c1ab290000

Marking Bits (Prev, Next): (CMBitMap*) 0x000001c1abb728e0, (CMBitMap*) 0x000001c1abb72920
 Prev Bits: [0x000001c1b6600000, 0x000001c1b7a00000)
 Next Bits: [0x000001c1b7a00000, 0x000001c1b8e00000)

Polling page: 0x000001c1a9af0000

Metaspace:

Usage:
  Non-class:     17.93 MB used.
      Class:      2.80 MB used.
       Both:     20.73 MB used.

Virtual space:
  Non-class space:       24.00 MB reserved,      18.06 MB ( 75%) committed,  3 nodes.
      Class space:        1.00 GB reserved,       2.94 MB ( <1%) committed,  1 nodes.
             Both:        1.02 GB reserved,      21.00 MB (  2%) committed. 

Chunk freelists:
   Non-Class:  1.36 MB
       Class:  1.09 MB
        Both:  2.45 MB

MaxMetaspaceSize: unlimited
CompressedClassSpaceSize: 1.00 GB
Initial GC threshold: 21.00 MB
Current GC threshold: 21.31 MB
CDS: on
MetaspaceReclaimPolicy: balanced
 - commit_granule_bytes: 65536.
 - commit_granule_words: 8192.
 - virtual_space_node_default_size: 1048576.
 - enlarge_chunks_in_place: 1.
 - new_chunks_are_fully_committed: 0.
 - uncommit_free_chunks: 1.
 - use_allocation_guard: 0.
 - handle_deallocations: 1.


Internal statistics:

num_allocs_failed_limit: 3.
num_arena_births: 352.
num_arena_deaths: 0.
num_vsnodes_births: 4.
num_vsnodes_deaths: 0.
num_space_committed: 336.
num_space_uncommitted: 0.
num_chunks_returned_to_freelist: 3.
num_chunks_taken_from_freelist: 1010.
num_chunk_merges: 3.
num_chunk_splits: 657.
num_chunks_enlarged: 446.
num_purges: 0.
num_inconsistent_stats: 0.

CodeCache: size=49152Kb used=5299Kb max_used=5299Kb free=43852Kb
 bounds [0x000001c1b3380000, 0x000001c1b38b0000, 0x000001c1b6380000]
 total_blobs=2935 nmethods=2423 adapters=438
 compilation: enabled
              stopped_count=0, restarted_count=0
 full_count=0

Compilation events (20 events):
Event: 6.887 Thread 0x000001c1bbca1ee0 2411       1       java.lang.invoke.MemberName$Factory::resolveOrNull (54 bytes)
Event: 6.887 Thread 0x000001c1bbca1ee0 nmethod 2411 0x000001c1b38a6c90 code [0x000001c1b38a6e40, 0x000001c1b38a6f88]
Event: 6.887 Thread 0x000001c1bbca1ee0 2412       1       java.lang.invoke.MethodHandle::bindArgumentL (10 bytes)
Event: 6.887 Thread 0x000001c1bbca1ee0 nmethod 2412 0x000001c1b38a7090 code [0x000001c1b38a7240, 0x000001c1b38a7468]
Event: 6.889 Thread 0x000001c1bbca1ee0 2413       1       java.util.zip.ZipEntry::setExtra0 (493 bytes)
Event: 6.890 Thread 0x000001c1bbca1ee0 nmethod 2413 0x000001c1b38a7910 code [0x000001c1b38a7b60, 0x000001c1b38a93a8]
Event: 6.890 Thread 0x000001c1abc047d0 2415       1       java.lang.invoke.DelegatingMethodHandle::<init> (10 bytes)
Event: 6.890 Thread 0x000001c1bbca1ee0 2416       1       java.lang.invoke.DelegatingMethodHandle::chooseDelegatingForm (24 bytes)
Event: 6.890 Thread 0x000001c1abc047d0 nmethod 2415 0x000001c1b38a9b10 code [0x000001c1b38a9cc0, 0x000001c1b38a9e58]
Event: 6.891 Thread 0x000001c1bbca1ee0 nmethod 2416 0x000001c1b38a9f90 code [0x000001c1b38aa140, 0x000001c1b38aa2a8]
Event: 6.891 Thread 0x000001c1abc047d0 2417       1       java.lang.invoke.MemberName::equals (69 bytes)
Event: 6.891 Thread 0x000001c1abc047d0 nmethod 2417 0x000001c1b38aa390 code [0x000001c1b38aa580, 0x000001c1b38aa938]
Event: 6.908 Thread 0x000001c1abc047d0 2420       1       java.lang.Package$VersionInfo::<init> (44 bytes)
Event: 6.908 Thread 0x000001c1abc047d0 nmethod 2420 0x000001c1b38ab090 code [0x000001c1b38ab240, 0x000001c1b38ab598]
Event: 6.915 Thread 0x000001c1bbca1ee0 2421       1       java.util.LinkedHashMap::<init> (11 bytes)
Event: 6.915 Thread 0x000001c1bbca1ee0 nmethod 2421 0x000001c1b38abc10 code [0x000001c1b38abdc0, 0x000001c1b38abea8]
Event: 6.930 Thread 0x000001c1bbca1ee0 2422       1       java.lang.Thread::getContextClassLoader (32 bytes)
Event: 6.930 Thread 0x000001c1bbca1ee0 nmethod 2422 0x000001c1b38ac590 code [0x000001c1b38ac740, 0x000001c1b38ac998]
Event: 6.939 Thread 0x000001c1bbca1ee0 2423       1       sun.nio.ch.Util::isBufferTooLarge (15 bytes)
Event: 6.940 Thread 0x000001c1bbca1ee0 nmethod 2423 0x000001c1b38acb10 code [0x000001c1b38acca0, 0x000001c1b38acd78]

GC Heap History (12 events):
Event: 1.877 GC heap before
{Heap before GC invocations=0 (full 0):
 garbage-first heap   total 81920K, used 7168K [0x00000000b0000000, 0x0000000100000000)
  region size 1024K, 6 young (6144K), 0 survivors (0K)
 Metaspace       used 286K, committed 512K, reserved 1056768K
  class space    used 17K, committed 128K, reserved 1048576K
}
Event: 1.882 GC heap after
{Heap after GC invocations=1 (full 0):
 garbage-first heap   total 81920K, used 5212K [0x00000000b0000000, 0x0000000100000000)
  region size 1024K, 1 young (1024K), 1 survivors (1024K)
 Metaspace       used 286K, committed 512K, reserved 1056768K
  class space    used 17K, committed 128K, reserved 1048576K
}
Event: 2.181 GC heap before
{Heap before GC invocations=1 (full 0):
 garbage-first heap   total 81920K, used 8284K [0x00000000b0000000, 0x0000000100000000)
  region size 1024K, 4 young (4096K), 1 survivors (1024K)
 Metaspace       used 2984K, committed 3200K, reserved 1056768K
  class space    used 354K, committed 448K, reserved 1048576K
}
Event: 2.184 GC heap after
{Heap after GC invocations=2 (full 0):
 garbage-first heap   total 81920K, used 6294K [0x00000000b0000000, 0x0000000100000000)
  region size 1024K, 1 young (1024K), 1 survivors (1024K)
 Metaspace       used 2984K, committed 3200K, reserved 1056768K
  class space    used 354K, committed 448K, reserved 1048576K
}
Event: 3.964 GC heap before
{Heap before GC invocations=2 (full 0):
 garbage-first heap   total 81920K, used 12438K [0x00000000b0000000, 0x0000000100000000)
  region size 1024K, 7 young (7168K), 1 survivors (1024K)
 Metaspace       used 5660K, committed 5824K, reserved 1056768K
  class space    used 701K, committed 768K, reserved 1048576K
}
Event: 3.970 GC heap after
{Heap after GC invocations=3 (full 0):
 garbage-first heap   total 81920K, used 7073K [0x00000000b0000000, 0x0000000100000000)
  region size 1024K, 1 young (1024K), 1 survivors (1024K)
 Metaspace       used 5660K, committed 5824K, reserved 1056768K
  class space    used 701K, committed 768K, reserved 1048576K
}
Event: 4.588 GC heap before
{Heap before GC invocations=3 (full 0):
 garbage-first heap   total 81920K, used 20385K [0x00000000b0000000, 0x0000000100000000)
  region size 1024K, 14 young (14336K), 1 survivors (1024K)
 Metaspace       used 8274K, committed 8448K, reserved 1056768K
  class space    used 1068K, committed 1152K, reserved 1048576K
}
Event: 4.593 GC heap after
{Heap after GC invocations=4 (full 0):
 garbage-first heap   total 81920K, used 8519K [0x00000000b0000000, 0x0000000100000000)
  region size 1024K, 2 young (2048K), 2 survivors (2048K)
 Metaspace       used 8274K, committed 8448K, reserved 1056768K
  class space    used 1068K, committed 1152K, reserved 1048576K
}
Event: 6.772 GC heap before
{Heap before GC invocations=4 (full 0):
 garbage-first heap   total 81920K, used 54599K [0x00000000b0000000, 0x0000000100000000)
  region size 1024K, 48 young (49152K), 2 survivors (2048K)
 Metaspace       used 19723K, committed 20032K, reserved 1073152K
  class space    used 2675K, committed 2816K, reserved 1048576K
}
Event: 6.781 GC heap after
{Heap after GC invocations=5 (full 0):
 garbage-first heap   total 81920K, used 12254K [0x00000000b0000000, 0x0000000100000000)
  region size 1024K, 6 young (6144K), 6 survivors (6144K)
 Metaspace       used 19723K, committed 20032K, reserved 1073152K
  class space    used 2675K, committed 2816K, reserved 1048576K
}
Event: 6.946 GC heap before
{Heap before GC invocations=5 (full 0):
 garbage-first heap   total 81920K, used 18398K [0x00000000b0000000, 0x0000000100000000)
  region size 1024K, 14 young (14336K), 6 survivors (6144K)
 Metaspace       used 21224K, committed 21504K, reserved 1073152K
  class space    used 2863K, committed 3008K, reserved 1048576K
}
Event: 6.955 GC heap after
{Heap after GC invocations=6 (full 0):
 garbage-first heap   total 81920K, used 12843K [0x00000000b0000000, 0x0000000100000000)
  region size 1024K, 1 young (1024K), 1 survivors (1024K)
 Metaspace       used 21224K, committed 21504K, reserved 1073152K
  class space    used 2863K, committed 3008K, reserved 1048576K
}

Deoptimization events (4 events):
Event: 4.367 Thread 0x000001c1abb3f1f0 DEOPT PACKING pc=0x000001c1b35d10f5 sp=0x0000003dfabfcc50
Event: 4.367 Thread 0x000001c1abb3f1f0 DEOPT UNPACKING pc=0x000001c1b33d2b43 sp=0x0000003dfabfc0a8 mode 3
Event: 6.118 Thread 0x000001c1abb3f1f0 DEOPT PACKING pc=0x000001c1b3807c19 sp=0x0000003dfabfd5e0
Event: 6.118 Thread 0x000001c1abb3f1f0 DEOPT UNPACKING pc=0x000001c1b33d2b43 sp=0x0000003dfabfcac0 mode 3

Classes unloaded (0 events):
No events

Classes redefined (0 events):
No events

Internal exceptions (20 events):
Event: 6.584 Thread 0x000001c1abb3f1f0 Exception <a 'java/lang/ClassNotFoundException'{0x00000000b29b1958}: org/springframework/beans/factory/config/BeanFactoryPostProcessorCustomizer> (0x00000000b29b1958) 
thrown [t:\workspace\open\src\hotspot\share\classfile\systemDictionary.cpp, line 256]
Event: 6.585 Thread 0x000001c1abb3f1f0 Exception <a 'java/lang/ClassNotFoundException'{0x00000000b29b72d0}: org/springframework/core/PriorityOrderedCustomizer> (0x00000000b29b72d0) 
thrown [t:\workspace\open\src\hotspot\share\classfile\systemDictionary.cpp, line 256]
Event: 6.585 Thread 0x000001c1abb3f1f0 Exception <a 'java/lang/ClassNotFoundException'{0x00000000b29bb810}: org/springframework/core/OrderedCustomizer> (0x00000000b29bb810) 
thrown [t:\workspace\open\src\hotspot\share\classfile\systemDictionary.cpp, line 256]
Event: 6.586 Thread 0x000001c1abb3f1f0 Exception <a 'java/lang/ClassNotFoundException'{0x00000000b29c10a8}: org/springframework/context/ResourceLoaderAwareCustomizer> (0x00000000b29c10a8) 
thrown [t:\workspace\open\src\hotspot\share\classfile\systemDictionary.cpp, line 256]
Event: 6.586 Thread 0x000001c1abb3f1f0 Exception <a 'java/lang/ClassNotFoundException'{0x00000000b29c6a18}: org/springframework/beans/factory/AwareCustomizer> (0x00000000b29c6a18) 
thrown [t:\workspace\open\src\hotspot\share\classfile\systemDictionary.cpp, line 256]
Event: 6.586 Thread 0x000001c1abb3f1f0 Exception <a 'java/lang/ClassNotFoundException'{0x00000000b29cb3c0}: org/springframework/context/ApplicationStartupAwareCustomizer> (0x00000000b29cb3c0) 
thrown [t:\workspace\open\src\hotspot\share\classfile\systemDictionary.cpp, line 256]
Event: 6.587 Thread 0x000001c1abb3f1f0 Exception <a 'java/lang/ClassNotFoundException'{0x00000000b29d0fb8}: org/springframework/beans/factory/AwareCustomizer> (0x00000000b29d0fb8) 
thrown [t:\workspace\open\src\hotspot\share\classfile\systemDictionary.cpp, line 256]
Event: 6.587 Thread 0x000001c1abb3f1f0 Exception <a 'java/lang/ClassNotFoundException'{0x00000000b29d5a68}: org/springframework/beans/factory/BeanClassLoaderAwareCustomizer> (0x00000000b29d5a68) 
thrown [t:\workspace\open\src\hotspot\share\classfile\systemDictionary.cpp, line 256]
Event: 6.587 Thread 0x000001c1abb3f1f0 Exception <a 'java/lang/ClassNotFoundException'{0x00000000b29db3c0}: org/springframework/beans/factory/AwareCustomizer> (0x00000000b29db3c0) 
thrown [t:\workspace\open\src\hotspot\share\classfile\systemDictionary.cpp, line 256]
Event: 6.588 Thread 0x000001c1abb3f1f0 Exception <a 'java/lang/ClassNotFoundException'{0x00000000b29dfab0}: org/springframework/context/EnvironmentAwareCustomizer> (0x00000000b29dfab0) 
thrown [t:\workspace\open\src\hotspot\share\classfile\systemDictionary.cpp, line 256]
Event: 6.588 Thread 0x000001c1abb3f1f0 Exception <a 'java/lang/ClassNotFoundException'{0x00000000b29e53a0}: org/springframework/beans/factory/AwareCustomizer> (0x00000000b29e53a0) 
thrown [t:\workspace\open\src\hotspot\share\classfile\systemDictionary.cpp, line 256]
Event: 6.659 Thread 0x000001c1bc57b170 Exception <a 'java/lang/reflect/InvocationTargetException'{0x00000000b3b92bf8}> (0x00000000b3b92bf8) 
thrown [t:\workspace\open\src\hotspot\share\runtime\reflection.cpp, line 1121]
Event: 6.684 Thread 0x000001c1bc56b3e0 Exception <a 'java/lang/NoSuchMethodError'{0x00000000b23804f8}: 'java.lang.Object java.lang.invoke.DirectMethodHandle$Holder.invokeStaticInit(java.lang.Object, java.lang.Object, java.lang.Object)'> (0x00000000b23804f8) 
thrown [t:\workspace\open\src\hotspot\share\interpreter\linkResolver.cpp, line 766]
Event: 6.684 Thread 0x000001c1bc56b3e0 Exception <a 'java/lang/NoSuchMethodError'{0x00000000b23863e8}: 'java.lang.Object java.lang.invoke.DirectMethodHandle$Holder.invokeStaticInit(java.lang.Object, java.lang.Object, java.lang.Object, java.lang.Object, java.lang.Object)'> (0x00000000b23863e8) 
thrown [t:\workspace\open\src\hotspot\share\interpreter\linkResolver.cpp, line 766]
Event: 6.887 Thread 0x000001c1bc56b3e0 Exception <a 'java/lang/NoSuchMethodError'{0x00000000b4a0dcd8}: 'long java.lang.invoke.DirectMethodHandle$Holder.invokeSpecial(java.lang.Object, java.lang.Object)'> (0x00000000b4a0dcd8) 
thrown [t:\workspace\open\src\hotspot\share\interpreter\linkResolver.cpp, line 766]
Event: 6.890 Thread 0x000001c1bc56b3e0 Exception <a 'java/lang/NoSuchMethodError'{0x00000000b4a388d8}: 'long java.lang.invoke.DirectMethodHandle$Holder.invokeStatic(java.lang.Object, java.lang.Object)'> (0x00000000b4a388d8) 
thrown [t:\workspace\open\src\hotspot\share\interpreter\linkResolver.cpp, line 766]
Event: 6.890 Thread 0x000001c1bc56b3e0 Exception <a 'java/lang/NoSuchMethodError'{0x00000000b4a3bef8}: 'long java.lang.invoke.DirectMethodHandle$Holder.invokeStaticInit(java.lang.Object, java.lang.Object)'> (0x00000000b4a3bef8) 
thrown [t:\workspace\open\src\hotspot\share\interpreter\linkResolver.cpp, line 766]
Event: 6.892 Thread 0x000001c1bc56b3e0 Exception <a 'java/lang/NoSuchMethodError'{0x00000000b4a62018}: 'long java.lang.invoke.DirectMethodHandle$Holder.invokeInterface(java.lang.Object, java.lang.Object)'> (0x00000000b4a62018) 
thrown [t:\workspace\open\src\hotspot\share\interpreter\linkResolver.cpp, line 766]
Event: 6.893 Thread 0x000001c1bc56b3e0 Exception <a 'java/lang/IncompatibleClassChangeError'{0x00000000b4a655a8}: Found class java.lang.Object, but interface was expected> (0x00000000b4a655a8) 
thrown [t:\workspace\open\src\hotspot\share\interpreter\linkResolver.cpp, line 833]
Event: 6.904 Thread 0x000001c1bc56b3e0 Exception <a 'java/lang/NoSuchMethodError'{0x00000000b4ad3d98}: 'java.lang.Object java.lang.invoke.DirectMethodHandle$Holder.invokeVirtual(java.lang.Object, java.lang.Object, java.lang.Object, java.lang.Object)'> (0x00000000b4ad3d98) 
thrown [t:\workspace\open\src\hotspot\share\interpreter\linkResolver.cpp, line 766]

VM Operations (20 events):
Event: 5.528 Executing VM operation: HandshakeAllThreads done
Event: 5.696 Executing VM operation: ICBufferFull
Event: 5.696 Executing VM operation: ICBufferFull done
Event: 6.118 Executing VM operation: ICBufferFull
Event: 6.118 Executing VM operation: ICBufferFull done
Event: 6.271 Executing VM operation: HandshakeAllThreads
Event: 6.302 Executing VM operation: HandshakeAllThreads done
Event: 6.387 Executing VM operation: HandshakeAllThreads
Event: 6.387 Executing VM operation: HandshakeAllThreads done
Event: 6.420 Executing VM operation: HandshakeAllThreads
Event: 6.420 Executing VM operation: HandshakeAllThreads done
Event: 6.523 Executing VM operation: HandshakeAllThreads
Event: 6.523 Executing VM operation: HandshakeAllThreads done
Event: 6.609 Executing VM operation: HandshakeAllThreads
Event: 6.609 Executing VM operation: HandshakeAllThreads done
Event: 6.740 Executing VM operation: HandshakeAllThreads
Event: 6.740 Executing VM operation: HandshakeAllThreads done
Event: 6.772 Executing VM operation: G1CollectForAllocation
Event: 6.781 Executing VM operation: G1CollectForAllocation done
Event: 6.946 Executing VM operation: CollectForMetadataAllocation

Events (20 events):
Event: 6.693 loading class com/sun/org/apache/xalan/internal/utils/XMLSecurityManager
Event: 6.695 loading class com/sun/org/apache/xalan/internal/utils/XMLSecurityManager done
Event: 6.695 loading class com/sun/org/apache/xalan/internal/utils/XMLSecurityManager$Limit
Event: 6.696 loading class com/sun/org/apache/xalan/internal/utils/XMLSecurityManager$Limit done
Event: 6.696 loading class com/sun/org/apache/xalan/internal/utils/XMLSecurityManager$NameMap
Event: 6.696 loading class com/sun/org/apache/xalan/internal/utils/XMLSecurityManager$NameMap done
Event: 6.696 loading class jdk/xml/internal/JdkProperty
Event: 6.696 loading class jdk/xml/internal/JdkProperty done
Event: 6.722 loading class java/beans/ConstructorProperties
Event: 6.722 loading class java/beans/ConstructorProperties done
Event: 6.913 loading class javax/xml/stream/XMLInputFactory
Event: 6.913 loading class javax/xml/stream/XMLInputFactory done
Event: 6.914 loading class javax/xml/stream/FactoryFinder
Event: 6.914 loading class javax/xml/stream/FactoryFinder done
Event: 6.915 loading class javax/xml/stream/FactoryFinder$1
Event: 6.915 loading class javax/xml/stream/FactoryFinder$1 done
Event: 6.936 loading class javax/xml/stream/XMLOutputFactory
Event: 6.936 loading class javax/xml/stream/XMLOutputFactory done
Event: 6.940 loading class javax/xml/namespace/QName
Event: 6.940 loading class javax/xml/namespace/QName done


Dynamic libraries:
0x00007ff79eaa0000 - 0x00007ff79eaae000 	C:\jdk-17.0.2\bin\java.exe
0x00007fffb2a10000 - 0x00007fffb2c08000 	C:\WINDOWS\SYSTEM32\ntdll.dll
0x00007fffb2200000 - 0x00007fffb22bf000 	C:\WINDOWS\System32\KERNEL32.DLL
0x00007fffb05b0000 - 0x00007fffb0882000 	C:\WINDOWS\System32\KERNELBASE.dll
0x00007fffb0260000 - 0x00007fffb0360000 	C:\WINDOWS\System32\ucrtbase.dll
0x00007fffa8580000 - 0x00007fffa8598000 	C:\jdk-17.0.2\bin\jli.dll
0x00007fffb0b20000 - 0x00007fffb0cc1000 	C:\WINDOWS\System32\USER32.dll
0x00007fffa3320000 - 0x00007fffa333a000 	C:\jdk-17.0.2\bin\VCRUNTIME140.dll
0x00007fffb04e0000 - 0x00007fffb0502000 	C:\WINDOWS\System32\win32u.dll
0x00007fffb2170000 - 0x00007fffb219b000 	C:\WINDOWS\System32\GDI32.dll
0x00007fff9b5d0000 - 0x00007fff9b86a000 	C:\WINDOWS\WinSxS\amd64_microsoft.windows.common-controls_6595b64144ccf1df_6.0.19041.1110_none_60b5254171f9507e\COMCTL32.dll
0x00007fffb0360000 - 0x00007fffb046f000 	C:\WINDOWS\System32\gdi32full.dll
0x00007fffb22c0000 - 0x00007fffb235e000 	C:\WINDOWS\System32\msvcrt.dll
0x00007fffb0510000 - 0x00007fffb05ad000 	C:\WINDOWS\System32\msvcp_win.dll
0x00007fffb2010000 - 0x00007fffb2042000 	C:\WINDOWS\System32\IMM32.DLL
0x00007fffa9f20000 - 0x00007fffa9f2c000 	C:\jdk-17.0.2\bin\vcruntime140_1.dll
0x00007fff9ce00000 - 0x00007fff9ce8d000 	C:\jdk-17.0.2\bin\msvcp140.dll
0x00007fff88780000 - 0x00007fff89341000 	C:\jdk-17.0.2\bin\server\jvm.dll
0x00007fffb2050000 - 0x00007fffb20fe000 	C:\WINDOWS\System32\ADVAPI32.dll
0x00007fffb1f10000 - 0x00007fffb1fac000 	C:\WINDOWS\System32\sechost.dll
0x00007fffb2890000 - 0x00007fffb29b5000 	C:\WINDOWS\System32\RPCRT4.dll
0x00007fffb1250000 - 0x00007fffb1258000 	C:\WINDOWS\System32\PSAPI.DLL
0x00007fffa7ca0000 - 0x00007fffa7cc7000 	C:\WINDOWS\SYSTEM32\WINMM.dll
0x00007fffa7280000 - 0x00007fffa7289000 	C:\WINDOWS\SYSTEM32\WSOCK32.dll
0x00007fffb2100000 - 0x00007fffb216b000 	C:\WINDOWS\System32\WS2_32.dll
0x00007fffa7e20000 - 0x00007fffa7e2a000 	C:\WINDOWS\SYSTEM32\VERSION.dll
0x00007fffadfe0000 - 0x00007fffadff2000 	C:\WINDOWS\SYSTEM32\kernel.appcore.dll
0x00007fffa6410000 - 0x00007fffa641a000 	C:\jdk-17.0.2\bin\jimage.dll
0x00007fffab4f0000 - 0x00007fffab6d4000 	C:\WINDOWS\SYSTEM32\DBGHELP.DLL
0x00007fffab380000 - 0x00007fffab3b5000 	C:\WINDOWS\SYSTEM32\dbgcore.DLL
0x00007fffb0890000 - 0x00007fffb0912000 	C:\WINDOWS\System32\bcryptPrimitives.dll
0x00007fffab3c0000 - 0x00007fffab3ce000 	C:\jdk-17.0.2\bin\instrument.dll
0x00007fff9e140000 - 0x00007fff9e165000 	C:\jdk-17.0.2\bin\java.dll
0x00007fff9a4b0000 - 0x00007fff9a586000 	C:\jdk-17.0.2\bin\jsvml.dll
0x00007fffb1480000 - 0x00007fffb1bc4000 	C:\WINDOWS\System32\SHELL32.dll
0x00007fffae1e0000 - 0x00007fffae972000 	C:\WINDOWS\SYSTEM32\windows.storage.dll
0x00007fffb2360000 - 0x00007fffb26b5000 	C:\WINDOWS\System32\combase.dll
0x00007fffafa80000 - 0x00007fffafab0000 	C:\WINDOWS\SYSTEM32\Wldp.dll
0x00007fffb1e60000 - 0x00007fffb1f0d000 	C:\WINDOWS\System32\SHCORE.dll
0x00007fffb1420000 - 0x00007fffb1475000 	C:\WINDOWS\System32\shlwapi.dll
0x00007fffb0040000 - 0x00007fffb005f000 	C:\WINDOWS\SYSTEM32\profapi.dll
0x00007fff9e0c0000 - 0x00007fff9e0d8000 	C:\jdk-17.0.2\bin\zip.dll
0x00007fffa0ab0000 - 0x00007fffa0ac9000 	C:\jdk-17.0.2\bin\net.dll
0x00007fffa97a0000 - 0x00007fffa98ac000 	C:\WINDOWS\SYSTEM32\WINHTTP.dll
0x00007fffaf7e0000 - 0x00007fffaf84a000 	C:\WINDOWS\system32\mswsock.dll
0x00007fff9e0e0000 - 0x00007fff9e0f6000 	C:\jdk-17.0.2\bin\nio.dll
0x00007fffa3390000 - 0x00007fffa33aa000 	C:\Program Files\JetBrains\IntelliJ IDEA 2022.1.1\bin\breakgen64.dll
0x00007fffaf510000 - 0x00007fffaf5da000 	C:\WINDOWS\SYSTEM32\DNSAPI.dll
0x00007fffaf4d0000 - 0x00007fffaf50b000 	C:\WINDOWS\SYSTEM32\IPHLPAPI.DLL
0x00007fffb29c0000 - 0x00007fffb29c8000 	C:\WINDOWS\System32\NSI.dll
0x00007fffa8fc0000 - 0x00007fffa8fca000 	C:\Windows\System32\rasadhlp.dll
0x00007fffa99b0000 - 0x00007fffa9a30000 	C:\WINDOWS\System32\fwpuclnt.dll
0x00007fffb0a20000 - 0x00007fffb0a47000 	C:\WINDOWS\System32\bcrypt.dll
0x00007fffa3380000 - 0x00007fffa3389000 	C:\jdk-17.0.2\bin\management.dll
0x00007fffa30a0000 - 0x00007fffa30ab000 	C:\jdk-17.0.2\bin\management_ext.dll
0x00007fffaf9e0000 - 0x00007fffaf9f8000 	C:\WINDOWS\SYSTEM32\CRYPTSP.dll
0x00007fffaf100000 - 0x00007fffaf134000 	C:\WINDOWS\system32\rsaenh.dll
0x00007fffaffb0000 - 0x00007fffaffde000 	C:\WINDOWS\SYSTEM32\USERENV.dll
0x00007fffaf9d0000 - 0x00007fffaf9dc000 	C:\WINDOWS\SYSTEM32\CRYPTBASE.dll
0x00007fffaaae0000 - 0x00007fffaaaf7000 	C:\WINDOWS\SYSTEM32\dhcpcsvc6.DLL
0x00007fffaaac0000 - 0x00007fffaaadd000 	C:\WINDOWS\SYSTEM32\dhcpcsvc.DLL
0x00007fff9f4a0000 - 0x00007fff9f4b7000 	C:\WINDOWS\system32\napinsp.dll
0x00007fff9f480000 - 0x00007fff9f49b000 	C:\WINDOWS\system32\pnrpnsp.dll
0x00007fff9f460000 - 0x00007fff9f475000 	C:\WINDOWS\system32\wshbth.dll
0x00007fffab920000 - 0x00007fffab93d000 	C:\WINDOWS\system32\NLAapi.dll
0x00007fff9f440000 - 0x00007fff9f452000 	C:\WINDOWS\System32\winrnr.dll

dbghelp: loaded successfully - version: 4.0.5 - missing functions: none
symbol engine: initialized successfully - sym options: 0x614 - pdb path: .;C:\jdk-17.0.2\bin;C:\WINDOWS\SYSTEM32;C:\WINDOWS\WinSxS\amd64_microsoft.windows.common-controls_6595b64144ccf1df_6.0.19041.1110_none_60b5254171f9507e;C:\jdk-17.0.2\bin\server;C:\Program Files\JetBrains\IntelliJ IDEA 2022.1.1\bin

VM Arguments:
jvm_args: -XX:TieredStopAtLevel=1 -Xverify:none -Dspring.output.ansi.enabled=always -Dcom.sun.management.jmxremote -Dspring.jmx.enabled=true -Dspring.liveBeansView.mbeanDomain -Dspring.application.admin.enabled=true -javaagent:C:\Program Files\JetBrains\IntelliJ IDEA 2022.1.1\lib\idea_rt.jar=62627:C:\Program Files\JetBrains\IntelliJ IDEA 2022.1.1\bin -Dfile.encoding=UTF-8 
java_command: sandwich.SpringSandwichApplication
java_class_path (initial): C:\Users\Duser\IdeaProjects\sandwichMgr\sandwichMgr\target\classes;C:\Users\Duser\.m2\repository\org\springframework\boot\spring-boot-starter-web\2.5.0\spring-boot-starter-web-2.5.0.jar;C:\Users\Duser\.m2\repository\org\springframework\boot\spring-boot-starter\2.5.0\spring-boot-starter-2.5.0.jar;C:\Users\Duser\.m2\repository\org\springframework\boot\spring-boot\2.5.0\spring-boot-2.5.0.jar;C:\Users\Duser\.m2\repository\org\springframework\boot\spring-boot-autoconfigure\2.5.0\spring-boot-autoconfigure-2.5.0.jar;C:\Users\Duser\.m2\repository\jakarta\annotation\jakarta.annotation-api\1.3.5\jakarta.annotation-api-1.3.5.jar;C:\Users\Duser\.m2\repository\org\yaml\snakeyaml\1.28\snakeyaml-1.28.jar;C:\Users\Duser\.m2\repository\org\springframework\boot\spring-boot-starter-json\2.5.0\spring-boot-starter-json-2.5.0.jar;C:\Users\Duser\.m2\repository\com\fasterxml\jackson\datatype\jackson-datatype-jdk8\2.12.3\jackson-datatype-jdk8-2.12.3.jar;C:\Users\Duser\.m2\repository\com\fasterxml\jackson\datatype\jackson-datatype-jsr310\2.12.3\jackson-datatype-jsr310-2.12.3.jar;C:\Users\Duser\.m2\repository\com\fasterxml\jackson\module\jackson-module-parameter-names\2.12.3\jackson-module-parameter-names-2.12.3.jar;C:\Users\Duser\.m2\repository\org\springframework\boot\spring-boot-starter-tomcat\2.5.0\spring-boot-starter-tomcat-2.5.0.jar;C:\Users\Duser\.m2\repository\org\apache\tomcat\embed\tomcat-embed-core\9.0.46\tomcat-embed-core-9.0.46.jar;C:\Users\Duser\.m2\repository\org\apache\tomcat\embed\tomcat-embed-websocket\9.0.46\tomcat-embed-websocket-9.0.46.jar;C:\Users\Duser\.m2\repository\org\springframework\spring-web\5.3.7\spring-web-5.3.7.jar;C:\Users\Duser\.m2\repository\org\springframework\spring-webmvc\5.3.7\spring-webmvc-5.3.7.jar;C:\Users\Duser\.m2\repository\org\springframework\boot\spring-boot-starter-thymeleaf\2.5.0\spring-boot-starter-thymeleaf-2.5.0.jar;C:\Users\Duser\.m2\repository\org\thymeleaf\thymeleaf-spring5\3.0.12.RELEASE\thymeleaf-spring5-3.0
Launcher Type: SUN_STANDARD

[Global flags]
     intx CICompilerCount                          = 2                                         {product} {ergonomic}
     uint ConcGCThreads                            = 1                                         {product} {ergonomic}
     uint G1ConcRefinementThreads                  = 2                                         {product} {ergonomic}
   size_t G1HeapRegionSize                         = 1048576                                   {product} {ergonomic}
    uintx GCDrainStackTargetSize                   = 64                                        {product} {ergonomic}
   size_t InitialHeapSize                          = 83886080                                  {product} {ergonomic}
     bool ManagementServer                         = true                                      {product} {command line}
   size_t MarkStackSize                            = 4194304                                   {product} {ergonomic}
   size_t MaxHeapSize                              = 1342177280                                {product} {ergonomic}
   size_t MaxNewSize                               = 805306368                                 {product} {ergonomic}
   size_t MinHeapDeltaBytes                        = 1048576                                   {product} {ergonomic}
   size_t MinHeapSize                              = 8388608                                   {product} {ergonomic}
    uintx NonProfiledCodeHeapSize                  = 0                                      {pd product} {ergonomic}
     bool ProfileInterpreter                       = false                                  {pd product} {command line}
    uintx ProfiledCodeHeapSize                     = 0                                      {pd product} {ergonomic}
   size_t SoftMaxHeapSize                          = 1342177280                             {manageable} {ergonomic}
     intx TieredStopAtLevel                        = 1                                         {product} {command line}
     bool UseCompressedClassPointers               = true                           {product lp64_product} {ergonomic}
     bool UseCompressedOops                        = true                           {product lp64_product} {ergonomic}
     bool UseG1GC                                  = true                                      {product} {ergonomic}
     bool UseLargePagesIndividualAllocation        = false                                  {pd product} {ergonomic}

Logging:
Log output configuration:
 #0: stdout all=warning uptime,level,tags
 #1: stderr all=off uptime,level,tags

Environment Variables:
JAVA_HOME=C:\jdk-17.0.2
PATH=C:\Python310\Scripts\;C:\Python310\;C:\WINDOWS\system32;C:\WINDOWS;C:\WINDOWS\System32\Wbem;C:\WINDOWS\System32\WindowsPowerShell\v1.0\;C:\WINDOWS\System32\OpenSSH\;C:\Program Files\PuTTY\;C:\jdk-17.0.2\bin;C:\Program Files\nodejs\;C:\ProgramData\chocolatey\bin;C:\Program Files\Git\cmd;C:\Users\Duser\AppData\Local\Microsoft\WindowsApps;C:\Program Files\JetBrains\IntelliJ IDEA 2022.1.1\bin;;C:\Users\Duser\AppData\Roaming\npm;C:\Users\Duser\AppData\Roaming\npm\node_modules\@angular\cli\bin;;C:\Users\Duser\AppData\Local\Programs\Microsoft VS Code\bin
USERNAME=Duser
OS=Windows_NT
PROCESSOR_IDENTIFIER=Intel64 Family 6 Model 158 Stepping 10, GenuineIntel



---------------  S Y S T E M  ---------------

OS:
 Windows 10 , 64 bit Build 19041 (10.0.19041.2364)
OS uptime: 4 days 17:46 hours
VMWare virtualization detected

CPU: total 2 (initial active 2) (1 cores per cpu, 1 threads per core) family 6 model 158 stepping 10 microcode 0xde, cx8, cmov, fxsr, mmx, 3dnowpref, sse, sse2, sse3, ssse3, sse4.1, sse4.2, popcnt, lzcnt, tsc, tscinvbit, avx, avx2, aes, erms, clmul, bmi1, bmi2, adx, fma, vzeroupper, clflush, clflushopt, hv

Memory: 4k page, system-wide physical 5119M (379M free)
TotalPageFile size 11441M (AvailPageFile size 0M)
current process WorkingSet (physical memory assigned to process): 135M, peak: 135M
current process commit charge ("private bytes"): 180M, peak: 181M

vm_info: OpenJDK 64-Bit Server VM (17.0.2+8-86) for windows-amd64 JRE (17.0.2+8-86), built on Dec  7 2021 21:49:10 by "mach5one" with MS VC++ 16.8 / 16.9 (VS2019)

END.
